[03:55:38] [main/WARN]: Ambiguity between arguments [teleport, destination] and [teleport, targets] with inputs: [Player, 0123, @e, dd12be42-52a9-4a91-a8a1-11c01849e498]
[03:55:38] [main/WARN]: Ambiguity between arguments [teleport, location] and [teleport, destination] with inputs: [0.1 -0.5 .9, 0 0 0]
[03:55:38] [main/WARN]: Ambiguity between arguments [teleport, location] and [teleport, targets] with inputs: [0.1 -0.5 .9, 0 0 0]
[03:55:38] [main/WARN]: Ambiguity between arguments [teleport, targets] and [teleport, destination] with inputs: [Player, 0123, dd12be42-52a9-4a91-a8a1-11c01849e498]
[03:55:38] [main/WARN]: Ambiguity between arguments [teleport, targets, location] and [teleport, targets, destination] with inputs: [0.1 -0.5 .9, 0 0 0]
[03:55:38] [Server thread/INFO]: Starting minecraft server version 1.15.2
[03:55:38] [Server thread/INFO]: Loading properties
[03:55:38] [Server thread/INFO]: Default game type: SURVIVAL
[03:55:38] [Server thread/INFO]: Generating keypair
[03:55:39] [Server thread/INFO]: Starting Minecraft server on *:25565
[03:55:39] [Server thread/INFO]: Using default channel type
[03:55:40] [Server thread/INFO]: Preparing level "world"
[03:55:40] [Server thread/INFO]: Reloading ResourceManager: Default
[03:55:40] [Server thread/INFO]: Loaded 6 recipes
[03:55:41] [Server thread/INFO]: Loaded 825 advancements
[03:55:42] [Server thread/INFO]: Preparing start region for dimension minecraft:overworld
[03:55:44] [Server thread/INFO]: Preparing spawn area: 0%
[03:55:44] [Server thread/INFO]: Preparing spawn area: 0%
[03:55:44] [Server thread/INFO]: Preparing spawn area: 0%
[03:55:44] [Server thread/INFO]: Preparing spawn area: 0%
[03:55:51] [Server-Worker-4/INFO]: Preparing spawn area: 0%
[03:55:51] [Server-Worker-6/INFO]: Preparing spawn area: 0%
[03:55:51] [Server-Worker-5/INFO]: Preparing spawn area: 0%
[03:55:51] [Server-Worker-4/INFO]: Preparing spawn area: 0%
[03:55:51] [Server-Worker-6/INFO]: Preparing spawn area: 0%
[03:55:51] [Server-Worker-5/INFO]: Preparing spawn area: 0%
[03:55:51] [Server-Worker-4/INFO]: Preparing spawn area: 0%
[03:55:51] [Server-Worker-5/INFO]: Preparing spawn area: 0%
[03:55:51] [Server-Worker-6/INFO]: Preparing spawn area: 0%
[03:55:51] [Server-Worker-3/INFO]: Preparing spawn area: 0%
[03:55:51] [Server-Worker-6/INFO]: Preparing spawn area: 0%
[03:55:51] [Server-Worker-6/INFO]: Preparing spawn area: 0%
[03:55:51] [Server-Worker-7/INFO]: Preparing spawn area: 0%
[03:55:51] [Server-Worker-1/INFO]: Preparing spawn area: 0%
[03:55:51] [Server-Worker-1/INFO]: Preparing spawn area: 0%
[03:55:51] [Server thread/INFO]: Time elapsed: 9267 ms
[03:55:51] [Server thread/INFO]: Done (11.531s)! For help, type "help"
[03:55:53] [User Authenticator #1/INFO]: UUID of player gdaddy69 is a90499d2-9994-4ae5-aacd-07a3a4e92598
[03:55:53] [Server thread/INFO]: gdaddy69[/192.168.1.14:39230] logged in with entity id 308 at (-47.49000000953674, 68.65, -14.251553533886282)
[03:55:53] [Server thread/INFO]: gdaddy69 joined the game
[03:56:17] [Server thread/WARN]: Mismatch in destroy block pos: fk{x=-52, y=66, z=-18} fk{x=-52, y=65, z=-16}
[03:56:17] [Server thread/WARN]: Mismatch in destroy block pos: fk{x=-52, y=66, z=-15} fk{x=-52, y=65, z=-16}
[03:56:17] [Server thread/WARN]: Mismatch in destroy block pos: fk{x=-52, y=66, z=-15} fk{x=-52, y=65, z=-15}
[03:56:18] [Server thread/WARN]: Mismatch in destroy block pos: fk{x=-53, y=67, z=-15} fk{x=-53, y=67, z=-16}
[03:56:18] [Server thread/WARN]: Mismatch in destroy block pos: fk{x=-53, y=67, z=-15} fk{x=-53, y=67, z=-16}
[03:56:18] [Server thread/WARN]: Mismatch in destroy block pos: fk{x=-53, y=67, z=-15} fk{x=-53, y=67, z=-16}
[03:56:18] [Server thread/WARN]: Mismatch in destroy block pos: fk{x=-53, y=67, z=-15} fk{x=-53, y=67, z=-16}
[03:56:24] [Server thread/WARN]: Mismatch in destroy block pos: fk{x=-56, y=68, z=-16} fk{x=-56, y=67, z=-19}
[03:56:24] [Server thread/WARN]: Mismatch in destroy block pos: fk{x=-56, y=67, z=-20} fk{x=-56, y=67, z=-19}
[03:56:59] [User Authenticator #2/INFO]: UUID of player maxiieeee is 037404ec-d2e2-4392-90fe-e80f717ddc7c
[03:56:59] [Server thread/INFO]: maxiieeee[/108.28.3.17:52585] logged in with entity id 781 at (-49.53556476741251, 66.0, -20.69999998807907)
[03:56:59] [Server thread/INFO]: maxiieeee joined the game
[04:00:14] [Server thread/WARN]: Mismatch in destroy block pos: fk{x=0, y=64, z=-16} fk{x=0, y=65, z=-16}
[04:00:20] [Server thread/WARN]: Mismatch in destroy block pos: fk{x=0, y=64, z=-16} fk{x=0, y=63, z=-16}
[04:00:25] [Server thread/WARN]: Mismatch in destroy block pos: fk{x=-1, y=62, z=-16} fk{x=0, y=64, z=-16}
[04:04:32] [Server thread/WARN]: Fetching packet for removed entity awb['Air'/4429, l='world', x=-104.09, y=71.00, z=-34.04]
[04:13:16] [Server thread/WARN]: Mismatch in destroy block pos: fk{x=-24, y=61, z=24} fk{x=-20, y=59, z=23}
[04:13:17] [Server thread/WARN]: Mismatch in destroy block pos: fk{x=-24, y=61, z=22} fk{x=-26, y=59, z=23}
[04:13:20] [Server thread/WARN]: Mismatch in destroy block pos: fk{x=-25, y=61, z=22} fk{x=-26, y=59, z=23}
[04:13:20] [Server thread/WARN]: Mismatch in destroy block pos: fk{x=-25, y=61, z=21} fk{x=-26, y=59, z=23}
[04:14:47] [Server thread/WARN]: Mismatch in destroy block pos: fk{x=2, y=66, z=-15} fk{x=2, y=67, z=-15}
[04:14:56] [Server thread/WARN]: Mismatch in destroy block pos: fk{x=3, y=66, z=-18} fk{x=2, y=66, z=-18}
[04:14:57] [Server thread/WARN]: Mismatch in destroy block pos: fk{x=3, y=66, z=-18} fk{x=2, y=66, z=-18}
[04:14:58] [Server thread/WARN]: Mismatch in destroy block pos: fk{x=3, y=66, z=-18} fk{x=2, y=66, z=-18}
[04:19:20] [Server thread/INFO]: gdaddy69 lost connection: Disconnected
[04:19:20] [Server thread/INFO]: gdaddy69 left the game
[04:26:49] [Server thread/WARN]: Fetching packet for removed entity awb['Air'/15527, l='world', x=-103.81, y=71.00, z=-35.17]
[04:29:26] [Server thread/INFO]: maxiieeee lost connection: Disconnected
[04:29:26] [Server thread/INFO]: maxiieeee left the game
[13:10:41] [User Authenticator #3/INFO]: UUID of player TigerZuo is 64e2819a-ccdf-41b3-9593-bfda6b714ff1
[13:10:41] [Server thread/INFO]: TigerZuo[/68.53.31.82:53138] logged in with entity id 16617 at (-19.77013977837449, 69.0, 5.29860256374774)
[13:10:41] [Server thread/INFO]: TigerZuo joined the game
[13:29:09] [User Authenticator #4/INFO]: UUID of player gdaddy69 is a90499d2-9994-4ae5-aacd-07a3a4e92598
[13:29:09] [Server thread/INFO]: gdaddy69[/192.168.1.14:41478] logged in with entity id 24362 at (-90.3012682660876, 71.0, -45.04138430094414)
[13:29:09] [Server thread/INFO]: gdaddy69 joined the game
[14:30:46] [Server thread/INFO]: gdaddy69 lost connection: Disconnected
[14:30:46] [Server thread/INFO]: gdaddy69 left the game
[14:30:50] [User Authenticator #5/INFO]: UUID of player gdaddy69 is a90499d2-9994-4ae5-aacd-07a3a4e92598
[14:30:50] [Server thread/INFO]: gdaddy69[/192.168.1.14:41771] logged in with entity id 53589 at (0.6962249158046341, 31.0, -7.300000011920929)
[14:30:50] [Server thread/INFO]: gdaddy69 joined the game
[14:34:15] [Server thread/INFO]: TigerZuo lost connection: Disconnected
[14:34:15] [Server thread/INFO]: TigerZuo left the game
[14:37:32] [Server thread/INFO]: gdaddy69 lost connection: Disconnected
[14:37:32] [Server thread/INFO]: gdaddy69 left the game
[14:44:09] [User Authenticator #6/INFO]: UUID of player maxiieeee is 037404ec-d2e2-4392-90fe-e80f717ddc7c
[14:44:09] [Server thread/INFO]: maxiieeee[/108.28.3.17:49910] logged in with entity id 56606 at (-83.13749998807913, 94.0, -62.691108553699365)
[14:44:09] [Server thread/INFO]: maxiieeee joined the game
[15:09:20] [Server thread/WARN]: Mismatch in destroy block pos: fk{x=385, y=79, z=310} fk{x=386, y=78, z=310}
[15:09:20] [Server thread/WARN]: Mismatch in destroy block pos: fk{x=385, y=79, z=310} fk{x=386, y=78, z=310}
[15:09:20] [Server thread/WARN]: Mismatch in destroy block pos: fk{x=385, y=79, z=310} fk{x=386, y=78, z=310}
[15:09:20] [Server thread/WARN]: Mismatch in destroy block pos: fk{x=385, y=79, z=310} fk{x=386, y=78, z=310}
[15:09:20] [Server thread/WARN]: Mismatch in destroy block pos: fk{x=385, y=79, z=310} fk{x=386, y=78, z=310}
[15:36:51] [Server thread/INFO]: Stopping the server
[15:36:51] [Server thread/INFO]: Stopping server
[15:36:51] [Server thread/INFO]: Saving players
[15:36:51] [Server thread/INFO]: Saving worlds
[15:36:51] [Server thread/INFO]: Saving chunks for level 'world'/minecraft:the_nether
[15:36:51] [Server thread/INFO]: ThreadedAnvilChunkStorage (DIM-1): All chunks are saved
[15:36:51] [Server thread/INFO]: Saving chunks for level 'world'/minecraft:the_end
[15:36:51] [Server thread/INFO]: ThreadedAnvilChunkStorage (DIM1): All chunks are saved
[15:36:51] [Server thread/INFO]: Saving chunks for level 'world'/minecraft:overworld
[15:36:51] [Server thread/INFO]: ThreadedAnvilChunkStorage (world): All chunks are saved
[15:36:51] [Server thread/INFO]: ThreadedAnvilChunkStorage (DIM-1): All chunks are saved
[15:36:51] [Server thread/INFO]: ThreadedAnvilChunkStorage (DIM1): All chunks are saved
[15:36:51] [Server thread/INFO]: ThreadedAnvilChunkStorage (world): All chunks are saved
